Node: gpuhost010.jc.rl.ac.uk
Job ID: 49725544
GPUs allocated: 0,1,2,3
/apps/jasmin/jaspy/miniforge_envs/jaspy3.12/mf3-25.3.0-3/bin/python
ROOT_DIRECTORIES: {'ERA5lowres': '/gws/ssde/j25a/mmh_storage/theme3/weatherbench/5.625deg/', 'MOGLOBAL': '/gws/ssde/j25a/mmh_storage/theme3/mo_pet_site_archive/mo_global/', 'MOUKV': '/gws/ssde/j25a/mmh_storage/theme3/mo_pet_site_archive/mo_ukv/', 'Himawari': '/gws/ssde/j25a/mmh_storage/theme3/rv74_himawari', 'HimawariChannels': '/gws/ssde/j25a/mmh_storage/theme3/ra22_himawari', 'Rainfields3': '/gws/ssde/j25a/mmh_storage/theme3/rq0_rainfields_prcp_crate'}
ROOT_DIRECTORIES: {'ERA5lowres': '/gws/ssde/j25a/mmh_storage/theme3/weatherbench/5.625deg/', 'MOGLOBAL': '/gws/ssde/j25a/mmh_storage/theme3/mo_pet_site_archive/mo_global/', 'MOUKV': '/gws/ssde/j25a/mmh_storage/theme3/mo_pet_site_archive/mo_ukv/', 'Himawari': '/gws/ssde/j25a/mmh_storage/theme3/rv74_himawari', 'HimawariChannels': '/gws/ssde/j25a/mmh_storage/theme3/ra22_himawari', 'Rainfields3': '/gws/ssde/j25a/mmh_storage/theme3/rq0_rainfields_prcp_crate'}
Torch: 2.9.1+cu128
Starting distributed training...
ROOT_DIRECTORIES: {'ERA5lowres': '/gws/ssde/j25a/mmh_storage/theme3/weatherbench/5.625deg/', 'MOGLOBAL': '/gws/ssde/j25a/mmh_storage/theme3/mo_pet_site_archive/mo_global/', 'MOUKV': '/gws/ssde/j25a/mmh_storage/theme3/mo_pet_site_archive/mo_ukv/', 'Himawari': '/gws/ssde/j25a/mmh_storage/theme3/rv74_himawari', 'HimawariChannels': '/gws/ssde/j25a/mmh_storage/theme3/ra22_himawari', 'Rainfields3': '/gws/ssde/j25a/mmh_storage/theme3/rq0_rainfields_prcp_crate'}
{'ERA5lowres': '/gws/ssde/j25a/mmh_storage/theme3/weatherbench/5.625deg/', 'MOGLOBAL': '/gws/ssde/j25a/mmh_storage/theme3/mo_pet_site_archive/mo_global/', 'MOUKV': '/gws/ssde/j25a/mmh_storage/theme3/mo_pet_site_archive/mo_ukv/', 'Himawari': '/gws/ssde/j25a/mmh_storage/theme3/rv74_himawari', 'HimawariChannels': '/gws/ssde/j25a/mmh_storage/theme3/ra22_himawari', 'Rainfields3': '/gws/ssde/j25a/mmh_storage/theme3/rq0_rainfields_prcp_crate'}
ROOT_DIRECTORIES: {'ERA5lowres': '/gws/ssde/j25a/mmh_storage/theme3/weatherbench/5.625deg/', 'MOGLOBAL': '/gws/ssde/j25a/mmh_storage/theme3/mo_pet_site_archive/mo_global/', 'MOUKV': '/gws/ssde/j25a/mmh_storage/theme3/mo_pet_site_archive/mo_ukv/', 'Himawari': '/gws/ssde/j25a/mmh_storage/theme3/rv74_himawari', 'HimawariChannels': '/gws/ssde/j25a/mmh_storage/theme3/ra22_himawari', 'Rainfields3': '/gws/ssde/j25a/mmh_storage/theme3/rq0_rainfields_prcp_crate'}
{'ERA5lowres': '/gws/ssde/j25a/mmh_storage/theme3/weatherbench/5.625deg/', 'MOGLOBAL': '/gws/ssde/j25a/mmh_storage/theme3/mo_pet_site_archive/mo_global/', 'MOUKV': '/gws/ssde/j25a/mmh_storage/theme3/mo_pet_site_archive/mo_ukv/', 'Himawari': '/gws/ssde/j25a/mmh_storage/theme3/rv74_himawari', 'HimawariChannels': '/gws/ssde/j25a/mmh_storage/theme3/ra22_himawari', 'Rainfields3': '/gws/ssde/j25a/mmh_storage/theme3/rq0_rainfields_prcp_crate'}
ROOT_DIRECTORIES: {'ERA5lowres': '/gws/ssde/j25a/mmh_storage/theme3/weatherbench/5.625deg/', 'MOGLOBAL': '/gws/ssde/j25a/mmh_storage/theme3/mo_pet_site_archive/mo_global/', 'MOUKV': '/gws/ssde/j25a/mmh_storage/theme3/mo_pet_site_archive/mo_ukv/', 'Himawari': '/gws/ssde/j25a/mmh_storage/theme3/rv74_himawari', 'HimawariChannels': '/gws/ssde/j25a/mmh_storage/theme3/ra22_himawari', 'Rainfields3': '/gws/ssde/j25a/mmh_storage/theme3/rq0_rainfields_prcp_crate'}
{'ERA5lowres': '/gws/ssde/j25a/mmh_storage/theme3/weatherbench/5.625deg/', 'MOGLOBAL': '/gws/ssde/j25a/mmh_storage/theme3/mo_pet_site_archive/mo_global/', 'MOUKV': '/gws/ssde/j25a/mmh_storage/theme3/mo_pet_site_archive/mo_ukv/', 'Himawari': '/gws/ssde/j25a/mmh_storage/theme3/rv74_himawari', 'HimawariChannels': '/gws/ssde/j25a/mmh_storage/theme3/ra22_himawari', 'Rainfields3': '/gws/ssde/j25a/mmh_storage/theme3/rq0_rainfields_prcp_crate'}
ROOT_DIRECTORIES: {'ERA5lowres': '/gws/ssde/j25a/mmh_storage/theme3/weatherbench/5.625deg/', 'MOGLOBAL': '/gws/ssde/j25a/mmh_storage/theme3/mo_pet_site_archive/mo_global/', 'MOUKV': '/gws/ssde/j25a/mmh_storage/theme3/mo_pet_site_archive/mo_ukv/', 'Himawari': '/gws/ssde/j25a/mmh_storage/theme3/rv74_himawari', 'HimawariChannels': '/gws/ssde/j25a/mmh_storage/theme3/ra22_himawari', 'Rainfields3': '/gws/ssde/j25a/mmh_storage/theme3/rq0_rainfields_prcp_crate'}
{'ERA5lowres': '/gws/ssde/j25a/mmh_storage/theme3/weatherbench/5.625deg/', 'MOGLOBAL': '/gws/ssde/j25a/mmh_storage/theme3/mo_pet_site_archive/mo_global/', 'MOUKV': '/gws/ssde/j25a/mmh_storage/theme3/mo_pet_site_archive/mo_ukv/', 'Himawari': '/gws/ssde/j25a/mmh_storage/theme3/rv74_himawari', 'HimawariChannels': '/gws/ssde/j25a/mmh_storage/theme3/ra22_himawari', 'Rainfields3': '/gws/ssde/j25a/mmh_storage/theme3/rq0_rainfields_prcp_crate'}

Training: |          | 0/? [00:00<?, ?it/s]
Training: |          | 0/? [00:00<?, ?it/s]
Epoch 0: |          | 0/? [00:00<?, ?it/s] 
Epoch 0: |          | 1/? [00:02<00:00,  0.36it/s]
Epoch 0: |          | 1/? [00:02<00:00,  0.36it/s, v_num=8vsb]
Epoch 0: |          | 2/? [00:03<00:00,  0.52it/s, v_num=8vsb]
Epoch 0: |          | 2/? [00:03<00:00,  0.52it/s, v_num=8vsb]
Epoch 0: |          | 3/? [00:04<00:00,  0.63it/s, v_num=8vsb]
Epoch 0: |          | 3/? [00:04<00:00,  0.63it/s, v_num=8vsb]
Epoch 0: |          | 4/? [00:05<00:00,  0.71it/s, v_num=8vsb]
Epoch 0: |          | 4/? [00:05<00:00,  0.71it/s, v_num=8vsb]
Epoch 0: |          | 5/? [00:06<00:00,  0.77it/s, v_num=8vsb]
Epoch 0: |          | 5/? [00:06<00:00,  0.76it/s, v_num=8vsb]
Epoch 0: |          | 6/? [00:07<00:00,  0.80it/s, v_num=8vsb]
Epoch 0: |          | 6/? [00:07<00:00,  0.80it/s, v_num=8vsb]
Epoch 0: |          | 7/? [00:08<00:00,  0.83it/s, v_num=8vsb]
Epoch 0: |          | 7/? [00:08<00:00,  0.83it/s, v_num=8vsb]
Epoch 0: |          | 8/? [00:48<00:00,  0.16it/s, v_num=8vsb]
Epoch 0: |          | 8/? [00:48<00:00,  0.16it/s, v_num=8vsb]
Epoch 0: |          | 9/? [00:52<00:00,  0.17it/s, v_num=8vsb]
Epoch 0: |          | 9/? [00:52<00:00,  0.17it/s, v_num=8vsb]
Epoch 0: |          | 10/? [00:53<00:00,  0.19it/s, v_num=8vsb]
Epoch 0: |          | 10/? [00:53<00:00,  0.19it/s, v_num=8vsb]
Epoch 0: |          | 11/? [00:54<00:00,  0.20it/s, v_num=8vsb]
Epoch 0: |          | 11/? [00:54<00:00,  0.20it/s, v_num=8vsb]
Epoch 0: |          | 12/? [00:55<00:00,  0.22it/s, v_num=8vsb]
Epoch 0: |          | 12/? [00:55<00:00,  0.22it/s, v_num=8vsb]
Epoch 0: |          | 13/? [00:56<00:00,  0.23it/s, v_num=8vsb]
Epoch 0: |          | 13/? [00:56<00:00,  0.23it/s, v_num=8vsb]
Epoch 0: |          | 14/? [00:57<00:00,  0.24it/s, v_num=8vsb]
Epoch 0: |          | 14/? [00:57<00:00,  0.24it/s, v_num=8vsb]
Epoch 0: |          | 15/? [00:58<00:00,  0.26it/s, v_num=8vsb]
Epoch 0: |          | 15/? [00:58<00:00,  0.26it/s, v_num=8vsb]
Epoch 0: |          | 16/? [01:37<00:00,  0.16it/s, v_num=8vsb]
Epoch 0: |          | 16/? [01:37<00:00,  0.16it/s, v_num=8vsb]
Epoch 0: |          | 17/? [01:42<00:00,  0.17it/s, v_num=8vsb]
Epoch 0: |          | 17/? [01:42<00:00,  0.17it/s, v_num=8vsb]
Epoch 0: |          | 18/? [01:43<00:00,  0.17it/s, v_num=8vsb]
Epoch 0: |          | 18/? [01:43<00:00,  0.17it/s, v_num=8vsb]
Epoch 0: |          | 19/? [01:44<00:00,  0.18it/s, v_num=8vsb]
Epoch 0: |          | 19/? [01:44<00:00,  0.18it/s, v_num=8vsb]
Epoch 0: |          | 20/? [01:45<00:00,  0.19it/s, v_num=8vsb]
Epoch 0: |          | 20/? [01:45<00:00,  0.19it/s, v_num=8vsb]
Epoch 0: |          | 21/? [01:46<00:00,  0.20it/s, v_num=8vsb]
Epoch 0: |          | 21/? [01:46<00:00,  0.20it/s, v_num=8vsb]
Epoch 0: |          | 22/? [01:47<00:00,  0.21it/s, v_num=8vsb]
Epoch 0: |          | 22/? [01:47<00:00,  0.21it/s, v_num=8vsb]
Epoch 0: |          | 23/? [01:48<00:00,  0.21it/s, v_num=8vsb]
Epoch 0: |          | 23/? [01:48<00:00,  0.21it/s, v_num=8vsb]
Epoch 0: |          | 24/? [02:28<00:00,  0.16it/s, v_num=8vsb]
Epoch 0: |          | 24/? [02:28<00:00,  0.16it/s, v_num=8vsb]
Epoch 0: |          | 25/? [02:31<00:00,  0.16it/s, v_num=8vsb]
Epoch 0: |          | 25/? [02:31<00:00,  0.16it/s, v_num=8vsb]
Epoch 0: |          | 26/? [02:32<00:00,  0.17it/s, v_num=8vsb]
Epoch 0: |          | 26/? [02:32<00:00,  0.17it/s, v_num=8vsb]
Epoch 0: |          | 27/? [02:33<00:00,  0.18it/s, v_num=8vsb]
Epoch 0: |          | 27/? [02:33<00:00,  0.18it/s, v_num=8vsb]
Epoch 0: |          | 28/? [02:34<00:00,  0.18it/s, v_num=8vsb]
Epoch 0: |          | 28/? [02:34<00:00,  0.18it/s, v_num=8vsb]
Epoch 0: |          | 29/? [02:35<00:00,  0.19it/s, v_num=8vsb]
Epoch 0: |          | 29/? [02:35<00:00,  0.19it/s, v_num=8vsb]
Epoch 0: |          | 30/? [02:36<00:00,  0.19it/s, v_num=8vsb]
Epoch 0: |          | 30/? [02:36<00:00,  0.19it/s, v_num=8vsb]
Epoch 0: |          | 31/? [02:37<00:00,  0.20it/s, v_num=8vsb]
Epoch 0: |          | 31/? [02:37<00:00,  0.20it/s, v_num=8vsb]
Epoch 0: |          | 32/? [03:18<00:00,  0.16it/s, v_num=8vsb]
Epoch 0: |          | 32/? [03:18<00:00,  0.16it/s, v_num=8vsb]
Epoch 0: |          | 33/? [03:22<00:00,  0.16it/s, v_num=8vsb]
Epoch 0: |          | 33/? [03:22<00:00,  0.16it/s, v_num=8vsb]
Epoch 0: |          | 34/? [03:23<00:00,  0.17it/s, v_num=8vsb]
Epoch 0: |          | 34/? [03:23<00:00,  0.17it/s, v_num=8vsb]
Epoch 0: |          | 35/? [03:24<00:00,  0.17it/s, v_num=8vsb]
Epoch 0: |          | 35/? [03:24<00:00,  0.17it/s, v_num=8vsb]
Epoch 0: |          | 36/? [03:25<00:00,  0.18it/s, v_num=8vsb]
Epoch 0: |          | 36/? [03:25<00:00,  0.18it/s, v_num=8vsb]
Epoch 0: |          | 37/? [03:26<00:00,  0.18it/s, v_num=8vsb]
Epoch 0: |          | 37/? [03:26<00:00,  0.18it/s, v_num=8vsb]
Epoch 0: |          | 38/? [03:27<00:00,  0.18it/s, v_num=8vsb]
Epoch 0: |          | 38/? [03:27<00:00,  0.18it/s, v_num=8vsb]
Epoch 0: |          | 39/? [03:28<00:00,  0.19it/s, v_num=8vsb]
Epoch 0: |          | 39/? [03:28<00:00,  0.19it/s, v_num=8vsb]
Epoch 0: |          | 40/? [04:08<00:00,  0.16it/s, v_num=8vsb]
Epoch 0: |          | 40/? [04:08<00:00,  0.16it/s, v_num=8vsb]
Epoch 0: |          | 41/? [04:12<00:00,  0.16it/s, v_num=8vsb]
Epoch 0: |          | 41/? [04:12<00:00,  0.16it/s, v_num=8vsb]
Epoch 0: |          | 42/? [04:13<00:00,  0.17it/s, v_num=8vsb]
Epoch 0: |          | 42/? [04:13<00:00,  0.17it/s, v_num=8vsb]
Epoch 0: |          | 43/? [04:14<00:00,  0.17it/s, v_num=8vsb]
Epoch 0: |          | 43/? [04:14<00:00,  0.17it/s, v_num=8vsb]
Epoch 0: |          | 44/? [04:15<00:00,  0.17it/s, v_num=8vsb]
Epoch 0: |          | 44/? [04:15<00:00,  0.17it/s, v_num=8vsb]
Epoch 0: |          | 45/? [04:16<00:00,  0.18it/s, v_num=8vsb]
Epoch 0: |          | 45/? [04:16<00:00,  0.18it/s, v_num=8vsb]
Epoch 0: |          | 46/? [04:17<00:00,  0.18it/s, v_num=8vsb]
Epoch 0: |          | 46/? [04:17<00:00,  0.18it/s, v_num=8vsb]
Epoch 0: |          | 47/? [04:18<00:00,  0.18it/s, v_num=8vsb]
Epoch 0: |          | 47/? [04:18<00:00,  0.18it/s, v_num=8vsb]
Epoch 0: |          | 48/? [05:11<00:00,  0.15it/s, v_num=8vsb]
Epoch 0: |          | 48/? [05:11<00:00,  0.15it/s, v_num=8vsb]
Epoch 0: |          | 49/? [05:13<00:00,  0.16it/s, v_num=8vsb]
Epoch 0: |          | 49/? [05:13<00:00,  0.16it/s, v_num=8vsb]
Epoch 0: |          | 50/? [05:14<00:00,  0.16it/s, v_num=8vsb]
Epoch 0: |          | 50/? [05:14<00:00,  0.16it/s, v_num=8vsb]
Epoch 0: |          | 51/? [05:15<00:00,  0.16it/s, v_num=8vsb]
Epoch 0: |          | 51/? [05:15<00:00,  0.16it/s, v_num=8vsb]
Epoch 0: |          | 52/? [05:16<00:00,  0.16it/s, v_num=8vsb]
Epoch 0: |          | 52/? [05:16<00:00,  0.16it/s, v_num=8vsb]
Epoch 0: |          | 53/? [05:17<00:00,  0.17it/s, v_num=8vsb]
Epoch 0: |          | 53/? [05:17<00:00,  0.17it/s, v_num=8vsb]
Epoch 0: |          | 54/? [05:17<00:00,  0.17it/s, v_num=8vsb]
Epoch 0: |          | 54/? [05:17<00:00,  0.17it/s, v_num=8vsb]
Epoch 0: |          | 55/? [05:18<00:00,  0.17it/s, v_num=8vsb]
Epoch 0: |          | 55/? [05:18<00:00,  0.17it/s, v_num=8vsb]
Epoch 0: |          | 56/? [06:00<00:00,  0.16it/s, v_num=8vsb]
Epoch 0: |          | 56/? [06:00<00:00,  0.16it/s, v_num=8vsb]
Epoch 0: |          | 57/? [06:01<00:00,  0.16it/s, v_num=8vsb]
Epoch 0: |          | 57/? [06:01<00:00,  0.16it/s, v_num=8vsb]
Epoch 0: |          | 58/? [06:02<00:00,  0.16it/s, v_num=8vsb]
Epoch 0: |          | 58/? [06:02<00:00,  0.16it/s, v_num=8vsb]
Epoch 0: |          | 59/? [06:03<00:00,  0.16it/s, v_num=8vsb]
Epoch 0: |          | 59/? [06:03<00:00,  0.16it/s, v_num=8vsb]
Epoch 0: |          | 60/? [06:04<00:00,  0.16it/s, v_num=8vsb]
Epoch 0: |          | 60/? [06:04<00:00,  0.16it/s, v_num=8vsb]
Epoch 0: |          | 61/? [06:05<00:00,  0.17it/s, v_num=8vsb]
Epoch 0: |          | 61/? [06:05<00:00,  0.17it/s, v_num=8vsb]
Epoch 0: |          | 62/? [06:06<00:00,  0.17it/s, v_num=8vsb]
Epoch 0: |          | 62/? [06:06<00:00,  0.17it/s, v_num=8vsb]
Epoch 0: |          | 63/? [06:07<00:00,  0.17it/s, v_num=8vsb]
Epoch 0: |          | 63/? [06:07<00:00,  0.17it/s, v_num=8vsb]
Epoch 0: |          | 64/? [06:48<00:00,  0.16it/s, v_num=8vsb]
Epoch 0: |          | 64/? [06:48<00:00,  0.16it/s, v_num=8vsb]
Epoch 0: |          | 65/? [06:50<00:00,  0.16it/s, v_num=8vsb]
Epoch 0: |          | 65/? [06:50<00:00,  0.16it/s, v_num=8vsb]
Epoch 0: |          | 66/? [06:51<00:00,  0.16it/s, v_num=8vsb]
Epoch 0: |          | 66/? [06:51<00:00,  0.16it/s, v_num=8vsb]
Epoch 0: |          | 67/? [06:52<00:00,  0.16it/s, v_num=8vsb]
Epoch 0: |          | 67/? [06:52<00:00,  0.16it/s, v_num=8vsb]
Epoch 0: |          | 68/? [06:53<00:00,  0.16it/s, v_num=8vsb]
Epoch 0: |          | 68/? [06:53<00:00,  0.16it/s, v_num=8vsb]
Epoch 0: |          | 69/? [06:54<00:00,  0.17it/s, v_num=8vsb]
Epoch 0: |          | 69/? [06:54<00:00,  0.17it/s, v_num=8vsb]
Epoch 0: |          | 70/? [06:55<00:00,  0.17it/s, v_num=8vsb]
Epoch 0: |          | 70/? [06:55<00:00,  0.17it/s, v_num=8vsb]
Epoch 0: |          | 71/? [06:56<00:00,  0.17it/s, v_num=8vsb]
Epoch 0: |          | 71/? [06:56<00:00,  0.17it/s, v_num=8vsb]
Epoch 0: |          | 72/? [07:36<00:00,  0.16it/s, v_num=8vsb]
Epoch 0: |          | 72/? [07:36<00:00,  0.16it/s, v_num=8vsb]
Epoch 0: |          | 73/? [07:41<00:00,  0.16it/s, v_num=8vsb]
Epoch 0: |          | 73/? [07:41<00:00,  0.16it/s, v_num=8vsb]
Epoch 0: |          | 74/? [07:42<00:00,  0.16it/s, v_num=8vsb]
Epoch 0: |          | 74/? [07:42<00:00,  0.16it/s, v_num=8vsb]
Epoch 0: |          | 75/? [07:43<00:00,  0.16it/s, v_num=8vsb]
Epoch 0: |          | 75/? [07:43<00:00,  0.16it/s, v_num=8vsb]
Epoch 0: |          | 76/? [07:44<00:00,  0.16it/s, v_num=8vsb]
Epoch 0: |          | 76/? [07:44<00:00,  0.16it/s, v_num=8vsb]
Epoch 0: |          | 77/? [07:45<00:00,  0.17it/s, v_num=8vsb]
Epoch 0: |          | 77/? [07:45<00:00,  0.17it/s, v_num=8vsb]
Epoch 0: |          | 78/? [07:46<00:00,  0.17it/s, v_num=8vsb]
Epoch 0: |          | 78/? [07:46<00:00,  0.17it/s, v_num=8vsb]
Epoch 0: |          | 79/? [07:47<00:00,  0.17it/s, v_num=8vsb]
Epoch 0: |          | 79/? [07:47<00:00,  0.17it/s, v_num=8vsb]
Epoch 0: |          | 80/? [08:27<00:00,  0.16it/s, v_num=8vsb]
Epoch 0: |          | 80/? [08:27<00:00,  0.16it/s, v_num=8vsb]
Epoch 0: |          | 81/? [08:32<00:00,  0.16it/s, v_num=8vsb]
Epoch 0: |          | 81/? [08:32<00:00,  0.16it/s, v_num=8vsb]
Epoch 0: |          | 82/? [08:33<00:00,  0.16it/s, v_num=8vsb]
Epoch 0: |          | 82/? [08:33<00:00,  0.16it/s, v_num=8vsb]
Epoch 0: |          | 83/? [08:34<00:00,  0.16it/s, v_num=8vsb]
Epoch 0: |          | 83/? [08:34<00:00,  0.16it/s, v_num=8vsb]
Epoch 0: |          | 84/? [08:35<00:00,  0.16it/s, v_num=8vsb]
Epoch 0: |          | 84/? [08:35<00:00,  0.16it/s, v_num=8vsb]
Epoch 0: |          | 85/? [08:36<00:00,  0.16it/s, v_num=8vsb]
Epoch 0: |          | 85/? [08:36<00:00,  0.16it/s, v_num=8vsb]
Epoch 0: |          | 86/? [08:37<00:00,  0.17it/s, v_num=8vsb]
Epoch 0: |          | 86/? [08:37<00:00,  0.17it/s, v_num=8vsb]
Epoch 0: |          | 87/? [08:38<00:00,  0.17it/s, v_num=8vsb]
Epoch 0: |          | 87/? [08:38<00:00,  0.17it/s, v_num=8vsb]
Epoch 0: |          | 88/? [09:16<00:00,  0.16it/s, v_num=8vsb]
Epoch 0: |          | 88/? [09:16<00:00,  0.16it/s, v_num=8vsb]
Epoch 0: |          | 89/? [09:22<00:00,  0.16it/s, v_num=8vsb]
Epoch 0: |          | 89/? [09:22<00:00,  0.16it/s, v_num=8vsb]
Epoch 0: |          | 90/? [09:23<00:00,  0.16it/s, v_num=8vsb]
Epoch 0: |          | 90/? [09:23<00:00,  0.16it/s, v_num=8vsb]
Epoch 0: |          | 91/? [09:24<00:00,  0.16it/s, v_num=8vsb]
Epoch 0: |          | 91/? [09:24<00:00,  0.16it/s, v_num=8vsb]
Epoch 0: |          | 92/? [09:25<00:00,  0.16it/s, v_num=8vsb]
Epoch 0: |          | 92/? [09:25<00:00,  0.16it/s, v_num=8vsb]
Epoch 0: |          | 93/? [09:26<00:00,  0.16it/s, v_num=8vsb]
Epoch 0: |          | 93/? [09:26<00:00,  0.16it/s, v_num=8vsb]
Epoch 0: |          | 94/? [09:27<00:00,  0.17it/s, v_num=8vsb]
Epoch 0: |          | 94/? [09:27<00:00,  0.17it/s, v_num=8vsb]
Epoch 0: |          | 95/? [09:28<00:00,  0.17it/s, v_num=8vsb]
Epoch 0: |          | 95/? [09:28<00:00,  0.17it/s, v_num=8vsb]
Epoch 0: |          | 96/? [10:05<00:00,  0.16it/s, v_num=8vsb]
Epoch 0: |          | 96/? [10:05<00:00,  0.16it/s, v_num=8vsb]
Epoch 0: |          | 97/? [10:13<00:00,  0.16it/s, v_num=8vsb]
Epoch 0: |          | 97/? [10:13<00:00,  0.16it/s, v_num=8vsb]
Epoch 0: |          | 98/? [10:14<00:00,  0.16it/s, v_num=8vsb]
Epoch 0: |          | 98/? [10:14<00:00,  0.16it/s, v_num=8vsb]
Epoch 0: |          | 99/? [10:15<00:00,  0.16it/s, v_num=8vsb]
Epoch 0: |          | 99/? [10:15<00:00,  0.16it/s, v_num=8vsb]
Epoch 0: |          | 100/? [10:16<00:00,  0.16it/s, v_num=8vsb]
Epoch 0: |          | 100/? [10:16<00:00,  0.16it/s, v_num=8vsb]
Epoch 0: |          | 101/? [10:17<00:00,  0.16it/s, v_num=8vsb]
Epoch 0: |          | 101/? [10:17<00:00,  0.16it/s, v_num=8vsb]
Epoch 0: |          | 102/? [10:18<00:00,  0.16it/s, v_num=8vsb]
Epoch 0: |          | 102/? [10:18<00:00,  0.16it/s, v_num=8vsb]
Epoch 0: |          | 103/? [10:19<00:00,  0.17it/s, v_num=8vsb]
Epoch 0: |          | 103/? [10:19<00:00,  0.17it/s, v_num=8vsb]
Epoch 0: |          | 104/? [10:56<00:00,  0.16it/s, v_num=8vsb]
Epoch 0: |          | 104/? [10:56<00:00,  0.16it/s, v_num=8vsb]
Epoch 0: |          | 105/? [11:04<00:00,  0.16it/s, v_num=8vsb]
Epoch 0: |          | 105/? [11:04<00:00,  0.16it/s, v_num=8vsb]
Epoch 0: |          | 106/? [11:05<00:00,  0.16it/s, v_num=8vsb]
Epoch 0: |          | 106/? [11:05<00:00,  0.16it/s, v_num=8vsb]
Epoch 0: |          | 107/? [11:06<00:00,  0.16it/s, v_num=8vsb]
Epoch 0: |          | 107/? [11:06<00:00,  0.16it/s, v_num=8vsb]
Epoch 0: |          | 108/? [11:07<00:00,  0.16it/s, v_num=8vsb]
Epoch 0: |          | 108/? [11:07<00:00,  0.16it/s, v_num=8vsb]
Epoch 0: |          | 109/? [11:08<00:00,  0.16it/s, v_num=8vsb]
Epoch 0: |          | 109/? [11:08<00:00,  0.16it/s, v_num=8vsb]
Epoch 0: |          | 110/? [11:09<00:00,  0.16it/s, v_num=8vsb]
Epoch 0: |          | 110/? [11:09<00:00,  0.16it/s, v_num=8vsb]
Epoch 0: |          | 111/? [11:10<00:00,  0.17it/s, v_num=8vsb]
Epoch 0: |          | 111/? [11:10<00:00,  0.17it/s, v_num=8vsb]There are 74 HDF5 objects open!

Report: open objects on 72057594037931660
