Traceback (most recent call last):
  File "/home/users/train110/Nowcasting-with-PyEarthTools/script/3D-Unet-DDP.py", line 46, in <module>
    import site_archive_jasmin as saj          #type: ignore         
    ^^^^^^^^^^^^^^^^^^^^^^^^^^^^^^^^^
ModuleNotFoundError: No module named 'site_archive_jasmin'
Traceback (most recent call last):
  File "/home/users/train110/Nowcasting-with-PyEarthTools/script/3D-Unet-DDP.py", line 46, in <module>
    import site_archive_jasmin as saj          #type: ignore         
    ^^^^^^^^^^^^^^^^^^^^^^^^^^^^^^^^^
ModuleNotFoundError: No module named 'site_archive_jasmin'
Traceback (most recent call last):
  File "/home/users/train110/Nowcasting-with-PyEarthTools/script/3D-Unet-DDP.py", line 46, in <module>
    import site_archive_jasmin as saj          #type: ignore         
    ^^^^^^^^^^^^^^^^^^^^^^^^^^^^^^^^^
ModuleNotFoundError: No module named 'site_archive_jasmin'
Traceback (most recent call last):
  File "/home/users/train110/Nowcasting-with-PyEarthTools/script/3D-Unet-DDP.py", line 46, in <module>
    import site_archive_jasmin as saj          #type: ignore         
    ^^^^^^^^^^^^^^^^^^^^^^^^^^^^^^^^^
ModuleNotFoundError: No module named 'site_archive_jasmin'
W1112 18:25:26.637000 1561929 torch/distributed/elastic/multiprocessing/api.py:908] Sending process 1561950 closing signal SIGTERM
W1112 18:25:26.642000 1561929 torch/distributed/elastic/multiprocessing/api.py:908] Sending process 1561951 closing signal SIGTERM
W1112 18:25:26.642000 1561929 torch/distributed/elastic/multiprocessing/api.py:908] Sending process 1561952 closing signal SIGTERM
E1112 18:25:26.789000 1561929 torch/distributed/elastic/multiprocessing/api.py:882] failed (exitcode: 1) local_rank: 0 (pid: 1561949) of binary: /apps/jasmin/jaspy/miniforge_envs/jaspy3.12/mf3-25.3.0-3/bin/python
Traceback (most recent call last):
  File "/home/users/train110/venv/pet_dev_nb_gpu_jasmin/bin/torchrun", line 8, in <module>
    sys.exit(main())
             ^^^^^^
  File "/home/users/train110/.local/lib/python3.12/site-packages/torch/distributed/elastic/multiprocessing/errors/__init__.py", line 357, in wrapper
    return f(*args, **kwargs)
           ^^^^^^^^^^^^^^^^^^
  File "/home/users/train110/.local/lib/python3.12/site-packages/torch/distributed/run.py", line 936, in main
    run(args)
  File "/home/users/train110/.local/lib/python3.12/site-packages/torch/distributed/run.py", line 927, in run
    elastic_launch(
  File "/home/users/train110/.local/lib/python3.12/site-packages/torch/distributed/launcher/api.py", line 156, in __call__
    return launch_agent(self._config, self._entrypoint, list(args))
           ^^^^^^^^^^^^^^^^^^^^^^^^^^^^^^^^^^^^^^^^^^^^^^^^^^^^^^^^
  File "/home/users/train110/.local/lib/python3.12/site-packages/torch/distributed/launcher/api.py", line 293, in launch_agent
    raise ChildFailedError(
torch.distributed.elastic.multiprocessing.errors.ChildFailedError: 
============================================================
/home/users/train110/Nowcasting-with-PyEarthTools/script/3D-Unet-DDP.py FAILED
------------------------------------------------------------
Failures:
  <NO_OTHER_FAILURES>
------------------------------------------------------------
Root Cause (first observed failure):
[0]:
  time      : 2025-11-12_18:25:26
  host      : gpuhost010.jc.rl.ac.uk
  rank      : 0 (local_rank: 0)
  exitcode  : 1 (pid: 1561949)
  error_file: <N/A>
  traceback : To enable traceback see: https://pytorch.org/docs/stable/elastic/errors.html
============================================================
