Traceback (most recent call last):
Traceback (most recent call last):
  File "/home/users/train110/Nowcasting-with-PyEarthTools/script/3D-Unet-DDP.py", line 277, in <module>
  File "/home/users/train110/Nowcasting-with-PyEarthTools/script/3D-Unet-DDP.py", line 277, in <module>
    wandb_logger = WandbLogger(
                wandb_logger = WandbLogger( 
          ^ ^ ^ ^ ^ ^ ^ ^ ^ ^ ^ ^ 
    File "/home/users/train110/.local/lib/python3.12/site-packages/pytorch_lightning/loggers/wandb.py", line 310, in __init__
 ^^^^^^^^^^^^
  File "/home/users/train110/.local/lib/python3.12/site-packages/pytorch_lightning/loggers/wandb.py", line 310, in __init__
    raise ModuleNotFoundError(str(_WANDB_AVAILABLE))
    raise ModuleNotFoundError(str(_WANDB_AVAILABLE))
ModuleNotFoundError: Requirement 'wandb>=0.12.10' not met. HINT: Try running `pip install -U 'wandb>=0.12.10'`
ModuleNotFoundError: Requirement 'wandb>=0.12.10' not met. HINT: Try running `pip install -U 'wandb>=0.12.10'`
Traceback (most recent call last):
  File "/home/users/train110/Nowcasting-with-PyEarthTools/script/3D-Unet-DDP.py", line 277, in <module>
    wandb_logger = WandbLogger(
                   ^^^^^^^^^^^^
  File "/home/users/train110/.local/lib/python3.12/site-packages/pytorch_lightning/loggers/wandb.py", line 310, in __init__
Traceback (most recent call last):
  File "/home/users/train110/Nowcasting-with-PyEarthTools/script/3D-Unet-DDP.py", line 277, in <module>
    raise ModuleNotFoundError(str(_WANDB_AVAILABLE))
ModuleNotFoundError: Requirement 'wandb>=0.12.10' not met. HINT: Try running `pip install -U 'wandb>=0.12.10'`
    wandb_logger = WandbLogger(
                   ^^^^^^^^^^^^
  File "/home/users/train110/.local/lib/python3.12/site-packages/pytorch_lightning/loggers/wandb.py", line 310, in __init__
    raise ModuleNotFoundError(str(_WANDB_AVAILABLE))
ModuleNotFoundError: Requirement 'wandb>=0.12.10' not met. HINT: Try running `pip install -U 'wandb>=0.12.10'`
E1112 18:27:57.372000 1562136 torch/distributed/elastic/multiprocessing/api.py:882] failed (exitcode: 1) local_rank: 0 (pid: 1562156) of binary: /apps/jasmin/jaspy/miniforge_envs/jaspy3.12/mf3-25.3.0-3/bin/python
Traceback (most recent call last):
  File "/home/users/train110/venv/pet_dev_nb_gpu_jasmin/bin/torchrun", line 8, in <module>
    sys.exit(main())
             ^^^^^^
  File "/home/users/train110/.local/lib/python3.12/site-packages/torch/distributed/elastic/multiprocessing/errors/__init__.py", line 357, in wrapper
    return f(*args, **kwargs)
           ^^^^^^^^^^^^^^^^^^
  File "/home/users/train110/.local/lib/python3.12/site-packages/torch/distributed/run.py", line 936, in main
    run(args)
  File "/home/users/train110/.local/lib/python3.12/site-packages/torch/distributed/run.py", line 927, in run
    elastic_launch(
  File "/home/users/train110/.local/lib/python3.12/site-packages/torch/distributed/launcher/api.py", line 156, in __call__
    return launch_agent(self._config, self._entrypoint, list(args))
           ^^^^^^^^^^^^^^^^^^^^^^^^^^^^^^^^^^^^^^^^^^^^^^^^^^^^^^^^
  File "/home/users/train110/.local/lib/python3.12/site-packages/torch/distributed/launcher/api.py", line 293, in launch_agent
    raise ChildFailedError(
torch.distributed.elastic.multiprocessing.errors.ChildFailedError: 
============================================================
/home/users/train110/Nowcasting-with-PyEarthTools/script/3D-Unet-DDP.py FAILED
------------------------------------------------------------
Failures:
[1]:
  time      : 2025-11-12_18:27:57
  host      : gpuhost010.jc.rl.ac.uk
  rank      : 1 (local_rank: 1)
  exitcode  : 1 (pid: 1562157)
  error_file: <N/A>
  traceback : To enable traceback see: https://pytorch.org/docs/stable/elastic/errors.html
[2]:
  time      : 2025-11-12_18:27:57
  host      : gpuhost010.jc.rl.ac.uk
  rank      : 2 (local_rank: 2)
  exitcode  : 1 (pid: 1562158)
  error_file: <N/A>
  traceback : To enable traceback see: https://pytorch.org/docs/stable/elastic/errors.html
[3]:
  time      : 2025-11-12_18:27:57
  host      : gpuhost010.jc.rl.ac.uk
  rank      : 3 (local_rank: 3)
  exitcode  : 1 (pid: 1562159)
  error_file: <N/A>
  traceback : To enable traceback see: https://pytorch.org/docs/stable/elastic/errors.html
------------------------------------------------------------
Root Cause (first observed failure):
[0]:
  time      : 2025-11-12_18:27:57
  host      : gpuhost010.jc.rl.ac.uk
  rank      : 0 (local_rank: 0)
  exitcode  : 1 (pid: 1562156)
  error_file: <N/A>
  traceback : To enable traceback see: https://pytorch.org/docs/stable/elastic/errors.html
============================================================
